\BOOKMARK [0][-]{chapter.1}{\376\377\000T\036\325\000n\000g\000\040\000q\000u\000a\000n\000\040\000b\000\340\000i\000\040\000t\000o\000\341\000n}{}% 1
\BOOKMARK [0][-]{chapter.2}{\376\377\001\020\036\267\000c\000\040\000t\036\243\000\040\000b\036\331\000\040\000d\036\357\000\040\000l\000i\036\307\000u\000\040\001\021\001\260\036\343\000c\000\040\000s\036\355\000\040\000d\036\345\000n\000g\000\040\000t\000r\000o\000n\000g\000\040\000b\000\340\000i\000\040\000t\000o\000\341\000n}{}% 2
\BOOKMARK [1][-]{section.2.1}{\376\377\000T\036\325\000n\000g\000\040\000q\000u\000a\000n\000\040\000b\036\331\000\040\000d\036\357\000\040\000l\000i\036\307\000u}{chapter.2}% 3
\BOOKMARK [2][-]{subsection.2.1.1}{\376\377\001\020\036\267\000c\000\040\001\021\000i\036\303\000m\000\040\000v\036\301\000\040\000b\036\331\000\040\000d\036\357\000\040\000l\000i\036\307\000u}{section.2.1}% 4
\BOOKMARK [2][-]{subsection.2.1.2}{\376\377\000M\000\364\000\040\000t\036\243\000\040\000c\000\341\000c\000\040\000f\000e\000a\000t\000u\000r\000e\000\040\000c\036\347\000a\000\040\000b\036\331\000\040\000d\036\357\000\040\000l\000i\036\307\000u}{section.2.1}% 5
\BOOKMARK [0][-]{chapter.3}{\376\377\000C\001\241\000\040\000s\036\337\000\040\000l\000\375\000\040\000t\000h\000u\000y\036\277\000t}{}% 6
\BOOKMARK [1][-]{section.3.1}{\376\377\000T\000i\036\301\000n\000\040\000x\036\355\000\040\000l\000\375\000\040\000d\036\357\000\040\000l\000i\036\307\000u}{chapter.3}% 7
\BOOKMARK [2][-]{subsection.3.1.1}{\376\377\000X\036\355\000\040\000l\000\375\000\040\000d\036\357\000\040\000l\000i\036\307\000u\000\040\000k\000h\000u\000y\036\277\000t\000\040\000v\036\333\000i\000\040\000P\000h\001\260\001\241\000n\000g\000\040\000p\000h\000\341\000p\000\040\000g\000\341\000n\000\040\001\021\000a\000\040\000b\000i\036\277\000n\000\040\000b\036\261\000n\000g\000\040\000p\000h\001\260\001\241\000n\000g\000\040\000t\000r\000\354\000n\000h\000\040\000c\000h\000u\036\327\000i\000\040\000\050\000M\000I\000C\000E\000\040\000-\000\040\000M\000u\000l\000t\000i\000v\000a\000r\000i\000a\000t\000e\000\040\000i\000m\000p\000u\000t\000a\000t\000i\000o\000n\000\040\000b\000y\000\040\000c\000h\000a\000i\000n\000e\000d\000\040\000e\000q\000u\000a\000t\000i\000o\000n\000s\000\051\000\040\000m\000i\000c\000e}{section.3.1}% 8
\BOOKMARK [3][-]{subsubsection.3.1.1.1}{\376\377\000S\001\241\000\040\000l\001\260\036\343\000c\000\040\000v\036\301\000\040\000M\000I\000C\000E}{subsection.3.1.1}% 9
\BOOKMARK [3][-]{subsubsection.3.1.1.2}{\376\377\000H\000i\036\307\000n\000\040\000t\000h\036\361\000c\000\040\000M\000I\000C\000E\000\040\000t\000r\000o\000n\000g\000\040\000P\000y\000t\000h\000o\000n}{subsection.3.1.1}% 10
\BOOKMARK [2][-]{subsection.3.1.2}{\376\377\000T\000r\036\315\000n\000g\000\040\000s\036\321\000\040\000c\036\347\000a\000\040\000b\036\261\000n\000g\000\040\000c\000h\036\351\000n\000g\000\040\000\050\000W\000O\000E\000\040\000-\000\040\000W\000e\000i\000g\000h\000t\000\040\000O\000f\000\040\000E\000n\000v\000i\000d\000e\000n\000c\000e\000\051\000\040\000v\000\340\000\040\000G\000i\000\341\000\040\000t\000r\036\313\000\040\000t\000h\000\364\000n\000g\000\040\000t\000i\000n\000\040\000\050\000I\000V\000\040\000-\000\040\000I\000n\000f\000o\000r\000m\000a\000t\000i\000o\000n\000\040\000V\000a\000l\000u\000e\000\051\000\040\000w\000o\000e\000n\000i\000v}{section.3.1}% 11
\BOOKMARK [3][-]{subsubsection.3.1.2.1}{\376\377\000T\000r\036\315\000n\000g\000\040\000s\036\321\000\040\000c\036\347\000a\000\040\000b\036\261\000n\000g\000\040\000c\000h\036\351\000n\000g\000\040\000\050\000W\000O\000E\000\040\000-\000\040\000W\000e\000i\000g\000h\000t\000\040\000O\000f\000\040\000E\000n\000v\000i\000d\000e\000n\000c\000e\000\051}{subsection.3.1.2}% 12
\BOOKMARK [3][-]{subsubsection.3.1.2.2}{\376\377\000G\000i\000\341\000\040\000t\000r\036\313\000\040\000t\000h\000\364\000n\000g\000\040\000t\000i\000n\000\040\000\050\000I\000V\000\040\000-\000\040\000I\000n\000f\000o\000r\000m\000a\000t\000i\000o\000n\000\040\000V\000a\000l\000u\000e\000\051}{subsection.3.1.2}% 13
\BOOKMARK [2][-]{subsection.3.1.3}{\376\377\000X\036\355\000\040\000l\000\375\000\040\000d\036\357\000\040\000l\000i\036\307\000u\000\040\000n\000g\000o\036\241\000i\000\040\000b\000i\000\352\000n\000\040\000\050\000o\000u\000t\000l\000i\000e\000r\000s\000\051\000\040\000v\036\333\000i\000\040\000R\036\353\000n\000g\000\040\000c\000\364\000\040\000l\036\255\000p\000\040\000\050\000I\000s\000o\000l\000a\000t\000i\000o\000n\000\040\000F\000o\000r\000e\000s\000t\000\051\000\040\000i\000f}{section.3.1}% 14
\BOOKMARK [2][-]{subsection.3.1.4}{\376\377\000P\000h\000\342\000n\000\040\000t\000\355\000c\000h\000\040\001\021\036\331\000\040\000n\000h\036\315\000n\000\040\000\050\000K\000u\000r\000t\000o\000s\000i\000s\000\051\000\040\000v\000\340\000\040\001\021\036\331\000\040\000l\036\307\000c\000h\000\040\000\050\000S\000k\000e\000w\000n\000e\000s\000s\000\051}{section.3.1}% 15
\BOOKMARK [3][-]{subsubsection.3.1.4.1}{\376\377\001\020\036\331\000\040\000n\000h\036\315\000n\000\040\000\050\000K\000u\000r\000t\000o\000s\000i\000s\000\051\000\040\000k\000u\000r\000t\000o\000s\000i\000s}{subsection.3.1.4}% 16
\BOOKMARK [3][-]{subsubsection.3.1.4.2}{\376\377\001\020\036\331\000\040\000l\036\307\000c\000h\000\040\000\050\000S\000k\000e\000w\000n\000e\000s\000s\000\051\000\040\000s\000k\000e\000w}{subsection.3.1.4}% 17
\BOOKMARK [2][-]{subsection.3.1.5}{\376\377\000X\036\355\000\040\000l\000\375\000\040\000d\036\357\000\040\000l\000i\036\307\000u\000\040\000m\036\245\000t\000\040\000c\000\342\000n\000\040\000b\036\261\000n\000g\000\040\000t\000r\000o\000n\000g\000\040\000b\000\340\000i\000\040\000t\000o\000\341\000n\000\040\000p\000h\000\342\000n\000\040\000l\000o\036\241\000i\000\040\000i\000m\000b\000a\000l\000a\000n\000c\000e}{section.3.1}% 18
\BOOKMARK [3][-]{subsubsection.3.1.5.1}{\376\377\000S\001\241\000\040\000l\001\260\036\343\000c\000\040\000v\036\301\000\040\000m\036\245\000t\000\040\000c\000\342\000n\000\040\000b\036\261\000n\000g\000\040\000d\036\357\000\040\000l\000i\036\307\000u\000\040\000\050\000I\000m\000b\000a\000l\000a\000n\000c\000e\000d\000\040\000D\000a\000t\000a\000\051}{subsection.3.1.5}% 19
\BOOKMARK [3][-]{subsubsection.3.1.5.2}{\376\377\000C\000\341\000c\000\040\000c\000\341\000c\000h\000\040\000x\036\355\000\040\000l\000\375\000\040\000d\036\357\000\040\000l\000i\036\307\000u\000\040\000m\036\245\000t\000\040\000c\000\342\000n\000\040\000b\036\261\000n\000g\000\040\000t\000r\000o\000n\000g\000\040\000p\000h\000\342\000n\000\040\000l\000o\036\241\000i}{subsection.3.1.5}% 20
\BOOKMARK [1][-]{section.3.2}{\376\377\000G\000r\000a\000d\000i\000e\000n\000t\000\040\000B\000o\000o\000s\000t\000i\000n\000g}{chapter.3}% 21
\BOOKMARK [2][-]{subsection.3.2.1}{\376\377\000S\001\241\000\040\000l\001\260\036\343\000c\000\040\000v\036\301\000\040\000g\000i\036\243\000i\000\040\000t\000h\000u\036\255\000t\000\040\000G\000r\000a\000d\000i\000e\000n\000t\000\040\000B\000o\000o\000s\000t\000i\000n\000g\000\040\000g\000b\000o\000o\000s\000t}{section.3.2}% 22
\BOOKMARK [2][-]{subsection.3.2.2}{\376\377\000C\001\241\000\040\000s\036\337\000\040\000t\000o\000\341\000n\000\040\000h\036\315\000c\000\040\000c\000h\000o\000\040\000G\000r\000a\000d\000i\000e\000n\000t\000\040\000B\000o\000o\000s\000t\000i\000n\000g\000\040\000c\000a\000t\000b\000o\000o\000s\000t}{section.3.2}% 23
\BOOKMARK [1][-]{section.3.3}{\376\377\000C\000a\000t\000e\000g\000o\000r\000i\000c\000a\000l\000\040\000B\000o\000o\000s\000t\000i\000n\000g\000\040\000\050\000M\000\364\000\040\000h\000\354\000n\000h\000\040\000C\000a\000t\000B\000o\000o\000s\000t\000\051\000\040\000c\000a\000t\000b\000o\000o\000s\000t}{chapter.3}% 24
\BOOKMARK [2][-]{subsection.3.3.1}{\376\377\000T\000h\000u\036\255\000t\000\040\000t\000o\000\341\000n\000\040\000C\000a\000t\000B\000o\000o\000s\000t}{section.3.3}% 25
\BOOKMARK [2][-]{subsection.3.3.2}{\376\377\000B\000i\036\277\000n\000\040\000p\000h\000\342\000n\000\040\000l\000o\036\241\000i\000\040\000v\000\340\000\040\000T\000a\000r\000g\000e\000t\000\040\000S\000t\000a\000t\000i\000s\000t\000i\000c\000s}{section.3.3}% 26
\BOOKMARK [2][-]{subsection.3.3.3}{\376\377\001\020\036\331\000\040\000l\036\307\000c\000h\000\040\000d\036\361\000\040\001\021\000o\000\341\000n\000\040\000\050\000P\000r\000e\000d\000i\000c\000t\000i\000o\000n\000\040\000S\000h\000i\000f\000t\000\051\000\040\000v\000\340\000\040\000B\000o\000o\000s\000t\000i\000n\000g\000\040\000c\000\363\000\040\000t\000h\036\351\000\040\000t\036\361\000\040\000\050\000O\000r\000d\000e\000r\000e\000d\000\040\000B\000o\000o\000s\000t\000i\000n\000g\000\051}{section.3.3}% 27
\BOOKMARK [2][-]{subsection.3.3.4}{\376\377\000H\000i\036\307\000n\000\040\000t\000h\036\361\000c\000\040\000m\000\364\000\040\000h\000\354\000n\000h\000\040\000C\000a\000t\000B\000o\000o\000s\000t}{section.3.3}% 28
\BOOKMARK [2][-]{subsection.3.3.5}{\376\377\000C\000\341\000c\000\040\000t\000h\000a\000m\000\040\000s\036\321\000\040\000c\000h\000u\000n\000g\000\040\000c\036\347\000a\000\040\000m\000\364\000\040\000h\000\354\000n\000h\000\040\000C\000a\000t\000B\000o\000o\000s\000t}{section.3.3}% 29
\BOOKMARK [1][-]{section.3.4}{\376\377\000L\000i\000g\000h\000t\000\040\000G\000r\000a\000d\000i\000e\000n\000t\000\040\000B\000o\000o\000s\000t\000i\000n\000g\000\040\000M\000a\000c\000h\000i\000n\000e\000\040\000\050\000L\000i\000g\000h\000t\000G\000B\000M\000\051\000\040\000\040\000l\000i\000g\000h\000t\000g\000b\000m\000\040}{chapter.3}% 30
\BOOKMARK [2][-]{subsection.3.4.1}{\376\377\000S\001\241\000\040\000l\001\260\036\343\000c\000\040\000v\036\301\000\040\000L\000i\000g\000h\000t\000G\000B\000M}{section.3.4}% 31
\BOOKMARK [2][-]{subsection.3.4.2}{\376\377\000C\001\241\000\040\000s\036\337\000\040\000t\000o\000\341\000n\000\040\000h\036\315\000c\000\040\000c\000h\000o\000\040\000L\000i\000g\000h\000t\000G\000B\000M}{section.3.4}% 32
\BOOKMARK [2][-]{subsection.3.4.3}{\376\377\000G\000O\000S\000S\000:\000\040\000L\036\245\000y\000\040\000m\036\253\000u\000\040\000m\036\331\000t\000\040\000p\000h\000\355\000a\000\040\000t\000h\000e\000o\000\040\001\021\036\331\000\040\000l\036\333\000n\000\040\000g\000r\000a\000d\000i\000e\000n\000t}{section.3.4}% 33
\BOOKMARK [2][-]{subsection.3.4.4}{\376\377\000E\000F\000B\000:\000\040\000G\000o\000m\000\040\000b\000\363\000\040\001\021\036\267\000c\000\040\000t\000r\001\260\000n\000g\000\040\000l\000o\036\241\000i\000\040\000t\000r\036\353\000\040\000n\000h\000a\000u}{section.3.4}% 34
\BOOKMARK [2][-]{subsection.3.4.5}{\376\377\000H\000i\036\307\000n\000\040\000t\000h\036\361\000c\000\040\000m\000\364\000\040\000h\000\354\000n\000h\000\040\000L\000i\000g\000h\000t\000G\000B\000M\000\040\000\050\000t\000\363\000m\000\040\000l\001\260\036\343\000c\000\040\000t\000h\036\361\000c\000\040\000n\000g\000h\000i\036\307\000m\000\051}{section.3.4}% 35
\BOOKMARK [2][-]{subsection.3.4.6}{\376\377\000C\000\341\000c\000\040\000t\000h\000a\000m\000\040\000s\036\321\000\040\000c\000h\000u\000n\000g\000\040\000c\036\347\000a\000\040\000m\000\364\000\040\000h\000\354\000n\000h\000\040\000L\000i\000g\000h\000t\000G\000B\000M}{section.3.4}% 36
\BOOKMARK [1][-]{section.3.5}{\376\377\000C\000\341\000c\000\040\000p\000h\001\260\001\241\000n\000g\000\040\000p\000h\000\341\000p\000\040\001\021\000\341\000n\000h\000\040\000g\000i\000\341\000\040\000m\000\364\000\040\000h\000\354\000n\000h}{chapter.3}% 37
\BOOKMARK [2][-]{subsection.3.5.1}{\376\377\000M\000a\000\040\000t\000r\036\255\000n\000\040\000n\000h\036\247\000m\000\040\000l\036\253\000n\000\040\000\050\000C\000o\000n\000f\000u\000s\000i\000o\000n\000\040\000M\000a\000t\000r\000i\000x\000\051}{section.3.5}% 38
\BOOKMARK [2][-]{subsection.3.5.2}{\376\377\001\020\001\260\036\335\000n\000g\000\040\000c\000o\000n\000g\000\040\000R\000O\000C\000\040\000v\000\340\000\040\000A\000U\000C\000\040\000a\000u\000c\000r\000o\000c\000\040}{section.3.5}% 39
\BOOKMARK [0][-]{chapter.4}{\376\377\000H\000i\036\307\000n\000\040\000t\000h\036\361\000c\000\040\000b\000\340\000i\000\040\000t\000o\000\341\000n}{}% 40
\BOOKMARK [1][-]{section.4.1}{\376\377\000X\000\341\000c\000\040\001\021\036\313\000n\000h\000\040\000b\000\340\000i\000\040\000t\000o\000\341\000n}{chapter.4}% 41
\BOOKMARK [1][-]{section.4.2}{\376\377\000T\000i\036\301\000n\000\040\000x\036\355\000\040\000l\000\375\000\040\000d\036\357\000\040\000l\000i\036\307\000u}{chapter.4}% 42
\BOOKMARK [2][-]{subsection.4.2.1}{\376\377\000L\000o\036\241\000i\000\040\000b\036\317\000\040\000c\000\341\000c\000\040\000b\000i\036\277\000n\000\040\000k\000h\000\364\000n\000g\000\040\000c\000\363\000\040\000\375\000\040\000n\000g\000h\001\051\000a\000\040\000t\000r\000o\000n\000g\000\040\000b\000\340\000i\000\040\000t\000o\000\341\000n}{section.4.2}% 43
\BOOKMARK [2][-]{subsection.4.2.2}{\376\377\000X\036\355\000\040\000l\000\375\000\040\000d\036\357\000\040\000l\000i\036\307\000u\000\040\000k\000h\000u\000y\036\277\000t}{section.4.2}% 44
\BOOKMARK [2][-]{subsection.4.2.3}{\376\377\001\020\000\341\000n\000h\000\040\000g\000i\000\341\000\040\000c\000h\036\311\000\040\000s\036\321\000\040\000g\000i\000\341\000\040\000t\000r\036\313\000\040\000t\000h\000\364\000n\000g\000\040\000t\000i\000n\000\040\000\050\000I\000V\000\040\000-\000\040\000I\000n\000f\000o\000r\000m\000a\000t\000i\000o\000n\000\040\000V\000a\000l\000u\000e\000\051}{section.4.2}% 45
\BOOKMARK [2][-]{subsection.4.2.4}{\376\377\000L\000o\036\241\000i\000\040\000b\036\317\000\040\000o\000u\000t\000l\000i\000e\000r\000s\000\040\000v\036\333\000i\000\040\000I\000s\000o\000l\000a\000t\000i\000o\000n\000\040\000F\000o\000r\000e\000s\000t}{section.4.2}% 46
\BOOKMARK [2][-]{subsection.4.2.5}{\376\377\000P\000h\000\342\000n\000\040\000t\000\355\000c\000h\000\040\001\021\036\331\000\040\000n\000h\036\315\000n\000\040\000\050\000K\000u\000r\000t\000o\000s\000i\000s\000\051\000\040\000v\000\340\000\040\001\021\036\331\000\040\000l\036\307\000c\000h\000\040\000\050\000S\000k\000e\000w\000n\000e\000s\000s\000\051}{section.4.2}% 47
\BOOKMARK [2][-]{subsection.4.2.6}{\376\377\000C\000\342\000n\000\040\000b\036\261\000n\000g\000\040\000d\036\357\000\040\000l\000i\036\307\000u}{section.4.2}% 48
\BOOKMARK [1][-]{section.4.3}{\376\377\000M\000\364\000\040\000h\000\354\000n\000h\000\040\000C\000a\000t\000B\000o\000o\000s\000t}{chapter.4}% 49
\BOOKMARK [2][-]{subsection.4.3.1}{\376\377\000T\000h\000i\036\277\000t\000\040\000l\036\255\000p\000\040\000m\000\364\000\040\000h\000\354\000n\000h\000\040\000d\036\361\000\040\001\021\000o\000\341\000n\000\040\000k\000h\036\243\000\040\000n\001\003\000n\000g\000\040\000v\036\341\000\040\000n\036\343\000\040\000t\000\340\000i\000\040\000c\000h\000\355\000n\000h}{section.4.3}% 50
\BOOKMARK [2][-]{subsection.4.3.2}{\376\377\000K\036\277\000t\000\040\000q\000u\036\243\000\040\000m\000\364\000\040\000h\000\354\000n\000h}{section.4.3}% 51
\BOOKMARK [1][-]{section.4.4}{\376\377\000M\000\364\000\040\000h\000\354\000n\000h\000\040\000X\000G\000B\000o\000o\000s\000t}{chapter.4}% 52
\BOOKMARK [1][-]{section.4.5}{\376\377\000M\000\364\000\040\000h\000\354\000n\000h\000\040\000L\000i\000g\000h\000t\000G\000B\000M}{chapter.4}% 53
\BOOKMARK [0][-]{chapter.5}{\376\377\000I\000n\000s\000i\000g\000h\000t\000\040\000c\036\347\000a\000\040\000b\000\340\000i\000\040\000t\000o\000\341\000n}{}% 54
